[2020-10-13 09:16:26] mylog.ERROR: 服务器错误！ ["The GET method is not supported for this route. Supported methods: POST."] []
[2020-10-13 09:27:48] mylog.ERROR: 服务器错误！ ["The GET method is not supported for this route. Supported methods: POST."] []
[2020-10-13 11:38:57] mylog.ERROR: 服务器错误！ ["count(): Parameter must be an array or an object that implements Countable"] []
[2020-10-13 11:39:00] mylog.ERROR: 服务器错误！ ["count(): Parameter must be an array or an object that implements Countable"] []
[2020-10-13 11:41:07] mylog.ERROR: 服务器错误！ ["count(): Parameter must be an array or an object that implements Countable"] []
[2020-10-13 11:41:09] mylog.ERROR: 服务器错误！ ["count(): Parameter must be an array or an object that implements Countable"] []
[2020-10-13 11:41:55] mylog.ERROR: 服务器错误！ ["count(): Parameter must be an array or an object that implements Countable"] []
[2020-10-13 11:42:00] mylog.ERROR: 服务器错误！ ["count(): Parameter must be an array or an object that implements Countable"] []
[2020-10-13 14:25:27] mylog.ERROR: 服务器错误！ ["count(): Parameter must be an array or an object that implements Countable"] []
[2020-10-13 14:25:30] mylog.ERROR: 服务器错误！ ["count(): Parameter must be an array or an object that implements Countable"] []
[2020-10-13 14:26:45] mylog.ERROR: 服务器错误！ ["count(): Parameter must be an array or an object that implements Countable"] []
[2020-10-13 14:27:24] mylog.ERROR: 服务器错误！ ["count(): Parameter must be an array or an object that implements Countable"] []
[2020-10-13 14:27:34] mylog.ERROR: 服务器错误！ ["count(): Parameter must be an array or an object that implements Countable"] []
[2020-10-13 14:31:33] mylog.ERROR: 服务器错误！ ["count(): Parameter must be an array or an object that implements Countable"] []
[2020-10-13 14:35:27] mylog.ERROR: 服务器错误！ ["count(): Parameter must be an array or an object that implements Countable"] []
[2020-10-13 15:31:44] mylog.ERROR: 服务器错误！ ["Call to a member function work_id() on null"] []
[2020-10-13 15:43:07] mylog.ERROR: 服务器错误！ ["Call to a member function work_id() on null"] []
[2020-10-13 15:43:28] mylog.ERROR: 服务器错误！ ["Call to a member function work_id() on null"] []
[2020-10-13 15:45:57] mylog.ERROR: 服务器错误！ ["count(): Parameter must be an array or an object that implements Countable"] []
[2020-10-13 16:01:16] mylog.ERROR: 服务器错误！ ["count(): Parameter must be an array or an object that implements Countable"] []
[2020-10-13 16:14:02] mylog.ERROR: 服务器错误！ ["Call to a member function work_id() on null"] []
[2020-10-13 16:15:44] mylog.ERROR: 服务器错误！ ["Call to undefined method App\\Models\\User::work_id()"] []
[2020-10-13 16:17:02] mylog.ERROR: 服务器错误！ ["Call to undefined method App\\Models\\User::work_id()"] []
[2020-10-13 16:18:13] mylog.ERROR: 服务器错误！ ["syntax error, unexpected '*', expecting function (T_FUNCTION) or const (T_CONST)"] []
[2020-10-13 16:19:07] mylog.ERROR: 服务器错误！ ["Trying to get property 'work_id' of non-object"] []
[2020-10-13 16:20:06] mylog.ERROR: 服务器错误！ ["syntax error, unexpected '*', expecting function (T_FUNCTION) or const (T_CONST)"] []
[2020-10-13 16:20:50] mylog.ERROR: 服务器错误！ ["syntax error, unexpected '*', expecting function (T_FUNCTION) or const (T_CONST)"] []
[2020-10-13 16:21:14] mylog.ERROR: 服务器错误！ ["syntax error, unexpected '*', expecting function (T_FUNCTION) or const (T_CONST)"] []
[2020-10-13 16:21:46] mylog.ERROR: 服务器错误！ ["Cannot use Monolog\\Logger as Logger because the name is already in use"] []
[2020-10-13 16:22:09] mylog.ERROR: 服务器错误！ ["Cannot use Exception as Exception because the name is already in use"] []
[2020-10-13 16:22:26] mylog.ERROR: 服务器错误！ ["Cannot redeclare App\\Models\\Form::$guarded"] []
[2020-10-13 16:22:43] mylog.ERROR: 服务器错误！ ["SQLSTATE[22007]: Invalid datetime format: 1292 Incorrect datetime value: '12121211' for column 'start_time' at row 1 (SQL: insert into `equipment_borrow` (`form_id`, `department`, `useinfo`, `start_time`, `expect_time`, `borrow_name`, `phone`, `updated_at`, `created_at`) values (C2010132243, 1, 2, 12121211, 12121212, ?, 12345678911, 2020-10-13 16:22:43, 2020-10-13 16:22:43))"] []
[2020-10-13 16:23:23] mylog.ERROR: 服务器错误！ ["SQLSTATE[22003]: Numeric value out of range: 1264 Out of range value for column 'phone' at row 1 (SQL: insert into `equipment_borrow` (`form_id`, `department`, `useinfo`, `start_time`, `expect_time`, `borrow_name`, `phone`, `updated_at`, `created_at`) values (C2010132323, 18682517734, 18682517734, 2020-10-13, 2020-10-14, ?, 18682517734, 2020-10-13 16:23:23, 2020-10-13 16:23:23))"] []
[2020-10-13 16:23:23] mylog.ERROR: 服务器错误！ ["Non-static method Monolog\\Logger::error() should not be called statically"] []
[2020-10-13 16:23:24] mylog.ERROR: 服务器错误！ ["SQLSTATE[22003]: Numeric value out of range: 1264 Out of range value for column 'phone' at row 1 (SQL: insert into `equipment_borrow` (`form_id`, `department`, `useinfo`, `start_time`, `expect_time`, `borrow_name`, `phone`, `updated_at`, `created_at`) values (C2010132324, 18682517734, 18682517734, 2020-10-13, 2020-10-14, ?, 18682517734, 2020-10-13 16:23:24, 2020-10-13 16:23:24))"] []
[2020-10-13 16:23:24] mylog.ERROR: 服务器错误！ ["Non-static method Monolog\\Logger::error() should not be called statically"] []
[2020-10-13 16:23:24] mylog.ERROR: 服务器错误！ ["Non-static method Monolog\\Logger::error() should not be called statically"] []
[2020-10-13 16:23:26] mylog.ERROR: 服务器错误！ ["SQLSTATE[22003]: Numeric value out of range: 1264 Out of range value for column 'phone' at row 1 (SQL: insert into `equipment_borrow` (`form_id`, `department`, `useinfo`, `start_time`, `expect_time`, `borrow_name`, `phone`, `updated_at`, `created_at`) values (C2010132326, 18682517734, 18682517734, 2020-10-13, 2020-10-14, ?, 18682517734, 2020-10-13 16:23:26, 2020-10-13 16:23:26))"] []
[2020-10-13 16:23:26] mylog.ERROR: 服务器错误！ ["Non-static method Monolog\\Logger::error() should not be called statically"] []
[2020-10-13 16:23:26] mylog.ERROR: 服务器错误！ ["Non-static method Monolog\\Logger::error() should not be called statically"] []
[2020-10-13 16:23:27] mylog.ERROR: 服务器错误！ ["SQLSTATE[22003]: Numeric value out of range: 1264 Out of range value for column 'phone' at row 1 (SQL: insert into `equipment_borrow` (`form_id`, `department`, `useinfo`, `start_time`, `expect_time`, `borrow_name`, `phone`, `updated_at`, `created_at`) values (C2010132327, 18682517734, 18682517734, 2020-10-13, 2020-10-14, ?, 18682517734, 2020-10-13 16:23:27, 2020-10-13 16:23:27))"] []
[2020-10-13 16:23:27] mylog.ERROR: 服务器错误！ ["Non-static method Monolog\\Logger::error() should not be called statically"] []
[2020-10-13 16:23:28] mylog.ERROR: 服务器错误！ ["SQLSTATE[22003]: Numeric value out of range: 1264 Out of range value for column 'phone' at row 1 (SQL: insert into `equipment_borrow` (`form_id`, `department`, `useinfo`, `start_time`, `expect_time`, `borrow_name`, `phone`, `updated_at`, `created_at`) values (C2010132328, 18682517734, 18682517734, 2020-10-13, 2020-10-14, ?, 18682517734, 2020-10-13 16:23:28, 2020-10-13 16:23:28))"] []
[2020-10-13 16:23:30] mylog.ERROR: 服务器错误！ ["SQLSTATE[22003]: Numeric value out of range: 1264 Out of range value for column 'phone' at row 1 (SQL: insert into `equipment_borrow` (`form_id`, `department`, `useinfo`, `start_time`, `expect_time`, `borrow_name`, `phone`, `updated_at`, `created_at`) values (C2010132330, 18682517734, 18682517734, 2020-10-13, 2020-10-14, ?, 18682517734, 2020-10-13 16:23:30, 2020-10-13 16:23:30))"] []
[2020-10-13 16:23:31] mylog.ERROR: 服务器错误！ ["SQLSTATE[22003]: Numeric value out of range: 1264 Out of range value for column 'phone' at row 1 (SQL: insert into `equipment_borrow` (`form_id`, `department`, `useinfo`, `start_time`, `expect_time`, `borrow_name`, `phone`, `updated_at`, `created_at`) values (C2010132331, 18682517734, 18682517734, 2020-10-13, 2020-10-14, ?, 18682517734, 2020-10-13 16:23:31, 2020-10-13 16:23:31))"] []
[2020-10-13 16:23:36] mylog.ERROR: 服务器错误！ ["SQLSTATE[22003]: Numeric value out of range: 1264 Out of range value for column 'phone' at row 1 (SQL: insert into `equipment_borrow` (`form_id`, `department`, `useinfo`, `start_time`, `expect_time`, `borrow_name`, `phone`, `updated_at`, `created_at`) values (C2010132336, 18682517734, 18682517734, 2020-10-13, 2020-10-14, ?, 18682517734, 2020-10-13 16:23:36, 2020-10-13 16:23:36))"] []
[2020-10-13 16:43:20] mylog.ERROR: 服务器错误！ ["syntax error, unexpected '`', expecting ']'"] []
[2020-10-13 17:26:51] mylog.ERROR: 服务器错误！ ["Call to a member function work_id() on null"] []
[2020-10-13 17:28:39] mylog.ERROR: 服务器错误！ ["Call to a member function work_id() on null"] []
[2020-10-13 17:29:04] mylog.ERROR: 服务器错误！ ["Call to a member function work_id() on null"] []
