[2020-10-14 12:02:59] mylog.ERROR: 服务器错误！ ["The POST method is not supported for this route. Supported methods: GET, HEAD."] []
[2020-10-14 12:03:56] mylog.ERROR: 服务器错误！ ["The POST method is not supported for this route. Supported methods: GET, HEAD."] []
[2020-10-14 12:18:10] mylog.ERROR: 服务器错误！ ["The GET method is not supported for this route. Supported methods: POST."] []
[2020-10-14 12:21:55] mylog.ERROR: 服务器错误！ ["Trying to access array offset on value of type null"] []
[2020-10-14 12:25:01] mylog.ERROR: 服务器错误！ ["SQLSTATE[22003]: Numeric value out of range: 1264 Out of range value for column 'phone' at row 1 (SQL: insert into `lab_borrowing` (`form_id`, `date`, `lab_name`, `lab_id`, `class_name`, `class`, `number`, `laboratory_purpose`, `start_time`, `end_time`, `start_class`, `end_class`, `teacher_name`, `phone`, `updated_at`, `created_at`) values (A2010142500, 2020-10-13 16:24:40, 人工智能实验室, 123123, 人工智能, 123, 123, 开发, 2020-10-13 16:24:40, 2020-10-13 16:24:40, 2, 2, th, 12312312312, 2020-10-14 12:25:00, 2020-10-14 12:25:00))"] []
[2020-10-14 12:27:57] mylog.ERROR: 服务器错误！ ["count(): Parameter must be an array or an object that implements Countable"] []
[2020-10-14 12:29:32] mylog.ERROR: 服务器错误！ ["Trying to get property 'work_id' of non-object"] []
[2020-10-14 12:29:55] mylog.ERROR: 服务器错误！ ["Add [form_id] to fillable property to allow mass assignment on [App\\Models\\FinalLabTeach]."] []
[2020-10-14 12:30:08] mylog.ERROR: 服务器错误！ ["Add [form_id] to fillable property to allow mass assignment on [App\\Models\\FinalLabTeach]."] []
[2020-10-14 12:30:42] mylog.ERROR: 服务器错误！ ["Add [form_id] to fillable property to allow mass assignment on [App\\Models\\FinalLabTeach]."] []
[2020-10-14 12:36:25] mylog.ERROR: 服务器错误！ ["Add [form_id] to fillable property to allow mass assignment on [App\\Models\\FinalLabTeach]."] []
[2020-10-14 12:42:16] mylog.ERROR: 服务器错误！ ["SQLSTATE[42S22]: Column not found: 1054 Unknown column 'id' in 'where clause' (SQL: select * from `user` where `id` = 0 limit 1)"] []
[2020-10-14 12:51:56] mylog.ERROR: 服务器错误！ ["Trying to access array offset on value of type null"] []
[2020-10-14 12:52:10] mylog.ERROR: 服务器错误！ ["Trying to access array offset on value of type null"] []
[2020-10-14 13:30:21] mylog.ERROR: 服务器错误！ ["Argument 1 passed to Tymon\\JWTAuth\\JWTGuard::login() must be an instance of Tymon\\JWTAuth\\Contracts\\JWTSubject, instance of Illuminate\\Auth\\GenericUser given, called in /Volumes/study/LabManagement/vendor/tymon/jwt-auth/src/JWTGuard.php on line 127"] []
[2020-10-14 13:32:36] mylog.ERROR: 服务器错误！ ["Class 'App\\Http\\Controllers\\OAuth\\SAdmin\\Auth' not found"] []
[2020-10-14 13:32:52] mylog.ERROR: 服务器错误！ ["Call to undefined method Tymon\\JWTAuth\\Contracts\\Providers\\Auth::id()"] []
[2020-10-14 13:35:21] mylog.ERROR: 服务器错误！ ["Trying to access array offset on value of type null"] []
[2020-10-14 13:39:22] mylog.ERROR: 服务器错误！ ["count(): Parameter must be an array or an object that implements Countable"] []
[2020-10-14 13:42:58] mylog.ERROR: 添加设备信息失败：SQLSTATE[HY000]: General error: 1364 Field 'equipment_id' doesn't have a default value (SQL: insert into `equipment` (`equipment_name`, `equipment_model`, `attachment`, `updated_at`, `created_at`) values (测试, 123123, 没有, 2020-10-14 13:42:57, 2020-10-14 13:42:57)) [] []
[2020-10-14 13:46:51] mylog.ERROR: 服务器错误！ ["The POST method is not supported for this route. Supported methods: GET, HEAD."] []
[2020-10-14 13:47:46] mylog.ERROR: 服务器错误！ ["The GET method is not supported for this route. Supported methods: POST."] []
[2020-10-14 13:48:48] mylog.ERROR: 获取开发实验室信息失败：SQLSTATE[42S22]: Column not found: 1054 Unknown column 'open_laboratory_student.applicant_name' in 'field list' (SQL: select `open_laboratory`.`use_reason`, `open_laboratory`.`project_name`, `open_laboratory`.`start_time`, `open_laboratory`.`end_time`, `open_laboratory_student`.`student_name`, `open_laboratory_student`.`student_id`, `open_laboratory_student`.`student_phone`, `open_laboratory_student`.`take_work`, `open_laboratory_student`.`applicant_name`, `open_laboratory_student`.`date` from `open_laboratory` inner join `open_laboratory_student` on `open_laboratory_student`.`open_laboratory_id` = `open_laboratory`.`form_id` where `open_laboratory`.`form_id` = E2009126765) [] []
[2020-10-14 13:49:53] mylog.ERROR: 获取开发实验室信息失败：SQLSTATE[42S22]: Column not found: 1054 Unknown column 'open_laboratory_student.applicant_name' in 'field list' (SQL: select `open_laboratory`.`use_reason`, `open_laboratory`.`project_name`, `open_laboratory`.`start_time`, `open_laboratory`.`end_time`, `open_laboratory_student`.`student_name`, `open_laboratory_student`.`student_id`, `open_laboratory_student`.`student_phone`, `open_laboratory_student`.`take_work`, `open_laboratory_student`.`applicant_name`, `open_laboratory_student`.`date` from `open_laboratory` inner join `open_laboratory_student` on `open_laboratory_student`.`open_laboratory_id` = `open_laboratory`.`form_id` where `open_laboratory`.`form_id` = E2009126765) [] []
[2020-10-14 13:50:37] mylog.ERROR: 获取开发实验室信息失败：SQLSTATE[42S22]: Column not found: 1054 Unknown column 'open_laboratory_student.applicant_name' in 'field list' (SQL: select `open_laboratory`.`use_reason`, `open_laboratory`.`project_name`, `open_laboratory`.`start_time`, `open_laboratory`.`end_time`, `open_laboratory_student`.`student_name`, `open_laboratory_student`.`student_id`, `open_laboratory_student`.`student_phone`, `open_laboratory_student`.`take_work`, `open_laboratory_student`.`applicant_name`, `open_laboratory_student`.`date` from `open_laboratory` inner join `open_laboratory_student` on `open_laboratory_student`.`open_laboratory_id` = `open_laboratory`.`form_id` where `open_laboratory`.`form_id` = E2009126765) [] []
[2020-10-14 13:50:53] mylog.ERROR: 获取开发实验室信息失败：SQLSTATE[42S22]: Column not found: 1054 Unknown column 'open_laboratory_student.applicant_name' in 'field list' (SQL: select `open_laboratory`.`use_reason`, `open_laboratory`.`project_name`, `open_laboratory`.`start_time`, `open_laboratory`.`end_time`, `open_laboratory_student`.`student_name`, `open_laboratory_student`.`student_id`, `open_laboratory_student`.`student_phone`, `open_laboratory_student`.`take_work`, `open_laboratory_student`.`applicant_name`, `open_laboratory_student`.`date` from `open_laboratory` inner join `open_laboratory_student` on `open_laboratory_student`.`open_laboratory_id` = `open_laboratory`.`form_id` where `open_laboratory`.`form_id` = E2009126765) [] []
[2020-10-14 14:40:17] mylog.ERROR: 服务器错误！ ["The GET method is not supported for this route. Supported methods: POST."] []
